<?xml version="1.0" encoding="UTF-8"?>
<testsuite xmlns:xsi="http://www.w3.org/2001/XMLSchema-instance" xsi:noNamespaceSchemaLocation="https://maven.apache.org/surefire/maven-surefire-plugin/xsd/surefire-test-report.xsd" name="edu.miu.cs.cs489.lab5.controller.AppointmentControllerTest" time="7.853" tests="1" errors="0" skipped="0" failures="0">
  <properties>
[...]
</properties>
  <testcase name="getAppointments_returnsJsonArray" classname="edu.miu.cs.cs489.lab5.controller.AppointmentControllerTest" time="0.758"/>
</testsuite>